#
# There is insufficient memory for the Java Runtime Environment to continue.
# Native memory allocation (mmap) failed to map 83886080 bytes for committing reserved memory.
# Possible reasons:
#   The system is out of physical RAM or swap space
#   In 32 bit mode, the process size limit was hit
# Possible solutions:
#   Reduce memory load on the system
#   Increase physical memory or swap space
#   Check if swap backing store is full
#   Use 64 bit Java on a 64 bit OS
#   Decrease Java heap size (-Xmx/-Xms)
#   Decrease number of Java threads
#   Decrease Java thread stack sizes (-Xss)
#   Set larger code cache with -XX:ReservedCodeCacheSize=
# This output file may be truncated or incomplete.
#
#  Out of Memory Error (os_linux.cpp:2630), pid=14759, tid=139852126684928
#
# JRE version: OpenJDK Runtime Environment (8.0_91-b14) (build 1.8.0_91-8u91-b14-3ubuntu1~16.04.1-b14)
# Java VM: OpenJDK 64-Bit Server VM (25.91-b14 mixed mode linux-amd64 compressed oops)
# Failed to write core dump. Core dumps have been disabled. To enable core dumping, try "ulimit -c unlimited" before starting Java again
#

---------------  T H R E A D  ---------------

Current thread (0x00007f31ec077800):  VMThread [stack: 0x00007f31dc450000,0x00007f31dc551000] [id=14770]

Stack: [0x00007f31dc450000,0x00007f31dc551000],  sp=0x00007f31dc54f4c0,  free space=1021k
Native frames: (J=compiled Java code, j=interpreted, Vv=VM code, C=native code)
V  [libjvm.so+0xa5de1b]
V  [libjvm.so+0x4c178c]
V  [libjvm.so+0x8ae9d0]
V  [libjvm.so+0x8a8e4e]
V  [libjvm.so+0x922f46]
V  [libjvm.so+0x924273]
V  [libjvm.so+0x920923]
V  [libjvm.so+0x920bec]
V  [libjvm.so+0x8d3263]
V  [libjvm.so+0xa5fad2]
V  [libjvm.so+0xa64b57]
V  [libjvm.so+0xa62327]
V  [libjvm.so+0xa637af]
V  [libjvm.so+0xa63ca1]
V  [libjvm.so+0x8abeb2]

VM_Operation (0x00007f31d550fec0): ParallelGCFailedAllocation, mode: safepoint, requested by thread 0x00007f31ec19c800


---------------  P R O C E S S  ---------------

Java Threads: ( => current thread )
  0x00007f31ec19c800 JavaThread "pool-1-thread-4" [_thread_blocked, id=14783, stack(0x00007f31d5411000,0x00007f31d5512000)]
  0x00007f31ec19a800 JavaThread "pool-1-thread-3" [_thread_blocked, id=14782, stack(0x00007f31d5512000,0x00007f31d5613000)]
  0x00007f31ec194000 JavaThread "pool-2-thread-1" [_thread_blocked, id=14780, stack(0x00007f31d5714000,0x00007f31d5815000)]
  0x00007f31ec0b9800 JavaThread "Service Thread" daemon [_thread_blocked, id=14777, stack(0x00007f31d5a25000,0x00007f31d5b26000)]
  0x00007f31ec0b2000 JavaThread "C1 CompilerThread2" daemon [_thread_blocked, id=14776, stack(0x00007f31d5b26000,0x00007f31d5c27000)]
  0x00007f31ec0b0800 JavaThread "C2 CompilerThread1" daemon [_thread_blocked, id=14775, stack(0x00007f31d5c27000,0x00007f31d5d28000)]
  0x00007f31ec0ad800 JavaThread "C2 CompilerThread0" daemon [_thread_in_native, id=14774, stack(0x00007f31dc04c000,0x00007f31dc14d000)]
  0x00007f31ec0ab800 JavaThread "Signal Dispatcher" daemon [_thread_blocked, id=14773, stack(0x00007f31dc14d000,0x00007f31dc24e000)]
  0x00007f31ec084000 JavaThread "Finalizer" daemon [_thread_blocked, id=14772, stack(0x00007f31dc24e000,0x00007f31dc34f000)]
  0x00007f31ec07f800 JavaThread "Reference Handler" daemon [_thread_blocked, id=14771, stack(0x00007f31dc34f000,0x00007f31dc450000)]
  0x00007f31ec00a000 JavaThread "main" [_thread_blocked, id=14765, stack(0x00007f31f51da000,0x00007f31f52db000)]

Other Threads:
=>0x00007f31ec077800 VMThread [stack: 0x00007f31dc450000,0x00007f31dc551000] [id=14770]
  0x00007f31ec0bc000 WatcherThread [stack: 0x00007f31d5924000,0x00007f31d5a25000] [id=14778]

VM state:at safepoint (normal execution)

VM Mutex/Monitor currently owned by a thread:  ([mutex/lock_event])
[0x00007f31ec0067c0] Threads_lock - owner thread: 0x00007f31ec077800
[0x00007f31ec006cc0] Heap_lock - owner thread: 0x00007f31ec19c800

Heap:
 PSYoungGen      total 66048K, used 2551K [0x00000000eab00000, 0x00000000eee00000, 0x0000000100000000)
  eden space 63488K, 0% used [0x00000000eab00000,0x00000000eab00000,0x00000000ee900000)
  from space 2560K, 99% used [0x00000000ee900000,0x00000000eeb7def0,0x00000000eeb80000)
  to   space 2560K, 0% used [0x00000000eeb80000,0x00000000eeb80000,0x00000000eee00000)
 ParOldGen       total 53760K, used 26689K [0x00000000c0000000, 0x00000000c3480000, 0x00000000eab00000)
  object space 53760K, 49% used [0x00000000c0000000,0x00000000c1a10650,0x00000000c3480000)
 Metaspace       used 5627K, capacity 6896K, committed 7040K, reserved 1056768K
  class space    used 550K, capacity 616K, committed 640K, reserved 1048576K

Card table byte_map: [0x00007f31f16a5000,0x00007f31f18a6000] byte_map_base: 0x00007f31f10a5000

Marking Bits: (ParMarkBitMap*) 0x00007f31f44acfc0
 Begin Bits: [0x00007f31d6000000, 0x00007f31d7000000)
 End Bits:   [0x00007f31d7000000, 0x00007f31d8000000)

Polling page: 0x00007f31f52fe000

CodeCache: size=245760Kb used=5357Kb max_used=5357Kb free=240402Kb
 bounds [0x00007f31dd000000, 0x00007f31dd540000, 0x00007f31ec000000]
 total_blobs=1524 nmethods=1264 adapters=175
 compilation: enabled

Compilation events (10 events):
Event: 9.460 Thread 0x00007f31ec0b2000 nmethod 1419 0x00007f31dd5342d0 code [0x00007f31dd534540, 0x00007f31dd534d58]
Event: 9.469 Thread 0x00007f31ec0b2000 1420       3       com.android.dx.ssa.DeadCodeRemover::run (194 bytes)
Event: 9.479 Thread 0x00007f31ec0b2000 nmethod 1420 0x00007f31dd535990 code [0x00007f31dd535d20, 0x00007f31dd537ae8]
Event: 9.547 Thread 0x00007f31ec0b2000 1422       3       com.android.dx.cf.code.BaseMachine::popArgs (62 bytes)
Event: 9.584 Thread 0x00007f31ec0b2000 nmethod 1422 0x00007f31dd538b90 code [0x00007f31dd538d40, 0x00007f31dd5393d8]
Event: 9.586 Thread 0x00007f31ec0b2000 1428 %     3       com.android.dx.cf.code.Ropper::addExceptionSetupBlocks @ 8 (203 bytes)
Event: 9.597 Thread 0x00007f31ec0b2000 nmethod 1428% 0x00007f31dd539650 code [0x00007f31dd539a40, 0x00007f31dd53be48]
Event: 9.597 Thread 0x00007f31ec0b2000 1429       2       com.android.dx.ssa.SsaMethod::convertRopToSsaBlocks (103 bytes)
Event: 9.600 Thread 0x00007f31ec0b2000 nmethod 1429 0x00007f31dd53da90 code [0x00007f31dd53dc80, 0x00007f31dd53e288]
Event: 9.600 Thread 0x00007f31ec0b2000 1427       2       com.android.dx.ssa.ConstCollector::updateConstUses (248 bytes)

GC Heap History (10 events):
Event: 0.867 GC heap after
Heap after GC invocations=1 (full 0):
 PSYoungGen      total 18432K, used 2550K [0x00000000eab00000, 0x00000000ecf00000, 0x0000000100000000)
  eden space 15872K, 0% used [0x00000000eab00000,0x00000000eab00000,0x00000000eba80000)
  from space 2560K, 99% used [0x00000000eba80000,0x00000000ebcfd8d8,0x00000000ebd00000)
  to   space 2560K, 0% used [0x00000000ecc80000,0x00000000ecc80000,0x00000000ecf00000)
 ParOldGen       total 42496K, used 1484K [0x00000000c0000000, 0x00000000c2980000, 0x00000000eab00000)
  object space 42496K, 3% used [0x00000000c0000000,0x00000000c01732e8,0x00000000c2980000)
 Metaspace       used 5345K, capacity 6640K, committed 6784K, reserved 1056768K
  class space    used 540K, capacity 616K, committed 640K, reserved 1048576K
}
Event: 1.508 GC heap before
{Heap before GC invocations=2 (full 0):
 PSYoungGen      total 18432K, used 18422K [0x00000000eab00000, 0x00000000ecf00000, 0x0000000100000000)
  eden space 15872K, 100% used [0x00000000eab00000,0x00000000eba80000,0x00000000eba80000)
  from space 2560K, 99% used [0x00000000eba80000,0x00000000ebcfd8d8,0x00000000ebd00000)
  to   space 2560K, 0% used [0x00000000ecc80000,0x00000000ecc80000,0x00000000ecf00000)
 ParOldGen       total 42496K, used 1484K [0x00000000c0000000, 0x00000000c2980000, 0x00000000eab00000)
  object space 42496K, 3% used [0x00000000c0000000,0x00000000c01732e8,0x00000000c2980000)
 Metaspace       used 5502K, capacity 6832K, committed 7040K, reserved 1056768K
  class space    used 544K, capacity 616K, committed 640K, reserved 1048576K
Event: 1.542 GC heap after
Heap after GC invocations=2 (full 0):
 PSYoungGen      total 34304K, used 2529K [0x00000000eab00000, 0x00000000ecf00000, 0x0000000100000000)
  eden space 31744K, 0% used [0x00000000eab00000,0x00000000eab00000,0x00000000eca00000)
  from space 2560K, 98% used [0x00000000ecc80000,0x00000000ecef8748,0x00000000ecf00000)
  to   space 2560K, 0% used [0x00000000eca00000,0x00000000eca00000,0x00000000ecc80000)
 ParOldGen       total 42496K, used 5920K [0x00000000c0000000, 0x00000000c2980000, 0x00000000eab00000)
  object space 42496K, 13% used [0x00000000c0000000,0x00000000c05c82f0,0x00000000c2980000)
 Metaspace       used 5502K, capacity 6832K, committed 7040K, reserved 1056768K
  class space    used 544K, capacity 616K, committed 640K, reserved 1048576K
}
Event: 2.003 GC heap before
{Heap before GC invocations=3 (full 0):
 PSYoungGen      total 34304K, used 34273K [0x00000000eab00000, 0x00000000ecf00000, 0x0000000100000000)
  eden space 31744K, 100% used [0x00000000eab00000,0x00000000eca00000,0x00000000eca00000)
  from space 2560K, 98% used [0x00000000ecc80000,0x00000000ecef8748,0x00000000ecf00000)
  to   space 2560K, 0% used [0x00000000eca00000,0x00000000eca00000,0x00000000ecc80000)
 ParOldGen       total 42496K, used 5920K [0x00000000c0000000, 0x00000000c2980000, 0x00000000eab00000)
  object space 42496K, 13% used [0x00000000c0000000,0x00000000c05c82f0,0x00000000c2980000)
 Metaspace       used 5533K, capacity 6832K, committed 7040K, reserved 1056768K
  class space    used 545K, capacity 616K, committed 640K, reserved 1048576K
Event: 2.061 GC heap after
Heap after GC invocations=3 (full 0):
 PSYoungGen      total 34304K, used 2544K [0x00000000eab00000, 0x00000000eee00000, 0x0000000100000000)
  eden space 31744K, 0% used [0x00000000eab00000,0x00000000eab00000,0x00000000eca00000)
  from space 2560K, 99% used [0x00000000eca00000,0x00000000ecc7c248,0x00000000ecc80000)
  to   space 2560K, 0% used [0x00000000eeb80000,0x00000000eeb80000,0x00000000eee00000)
 ParOldGen       total 42496K, used 20348K [0x00000000c0000000, 0x00000000c2980000, 0x00000000eab00000)
  object space 42496K, 47% used [0x00000000c0000000,0x00000000c13df308,0x00000000c2980000)
 Metaspace       used 5533K, capacity 6832K, committed 7040K, reserved 1056768K
  class space    used 545K, capacity 616K, committed 640K, reserved 1048576K
}
Event: 3.691 GC heap before
{Heap before GC invocations=4 (full 0):
 PSYoungGen      total 34304K, used 34288K [0x00000000eab00000, 0x00000000eee00000, 0x0000000100000000)
  eden space 31744K, 100% used [0x00000000eab00000,0x00000000eca00000,0x00000000eca00000)
  from space 2560K, 99% used [0x00000000eca00000,0x00000000ecc7c248,0x00000000ecc80000)
  to   space 2560K, 0% used [0x00000000eeb80000,0x00000000eeb80000,0x00000000eee00000)
 ParOldGen       total 42496K, used 20348K [0x00000000c0000000, 0x00000000c2980000, 0x00000000eab00000)
  object space 42496K, 47% used [0x00000000c0000000,0x00000000c13df308,0x00000000c2980000)
 Metaspace       used 5577K, capacity 6896K, committed 7040K, reserved 1056768K
  class space    used 547K, capacity 616K, committed 640K, reserved 1048576K
Event: 3.750 GC heap after
Heap after GC invocations=4 (full 0):
 PSYoungGen      total 66048K, used 2548K [0x00000000eab00000, 0x00000000eee00000, 0x0000000100000000)
  eden space 63488K, 0% used [0x00000000eab00000,0x00000000eab00000,0x00000000ee900000)
  from space 2560K, 99% used [0x00000000eeb80000,0x00000000eedfd140,0x00000000eee00000)
  to   space 2560K, 0% used [0x00000000ee900000,0x00000000ee900000,0x00000000eeb80000)
 ParOldGen       total 42496K, used 30162K [0x00000000c0000000, 0x00000000c2980000, 0x00000000eab00000)
  object space 42496K, 70% used [0x00000000c0000000,0x00000000c1d74aa0,0x00000000c2980000)
 Metaspace       used 5577K, capacity 6896K, committed 7040K, reserved 1056768K
  class space    used 547K, capacity 616K, committed 640K, reserved 1048576K
}
Event: 3.750 GC heap before
{Heap before GC invocations=5 (full 1):
 PSYoungGen      total 66048K, used 2548K [0x00000000eab00000, 0x00000000eee00000, 0x0000000100000000)
  eden space 63488K, 0% used [0x00000000eab00000,0x00000000eab00000,0x00000000ee900000)
  from space 2560K, 99% used [0x00000000eeb80000,0x00000000eedfd140,0x00000000eee00000)
  to   space 2560K, 0% used [0x00000000ee900000,0x00000000ee900000,0x00000000eeb80000)
 ParOldGen       total 42496K, used 30162K [0x00000000c0000000, 0x00000000c2980000, 0x00000000eab00000)
  object space 42496K, 70% used [0x00000000c0000000,0x00000000c1d74aa0,0x00000000c2980000)
 Metaspace       used 5577K, capacity 6896K, committed 7040K, reserved 1056768K
  class space    used 547K, capacity 616K, committed 640K, reserved 1048576K
Event: 4.031 GC heap after
Heap after GC invocations=5 (full 1):
 PSYoungGen      total 66048K, used 0K [0x00000000eab00000, 0x00000000eee00000, 0x0000000100000000)
  eden space 63488K, 0% used [0x00000000eab00000,0x00000000eab00000,0x00000000ee900000)
  from space 2560K, 0% used [0x00000000eeb80000,0x00000000eeb80000,0x00000000eee00000)
  to   space 2560K, 0% used [0x00000000ee900000,0x00000000ee900000,0x00000000eeb80000)
 ParOldGen       total 53760K, used 11719K [0x00000000c0000000, 0x00000000c3480000, 0x00000000eab00000)
  object space 53760K, 21% used [0x00000000c0000000,0x00000000c0b71ca0,0x00000000c3480000)
 Metaspace       used 5577K, capacity 6896K, committed 7040K, reserved 1056768K
  class space    used 547K, capacity 616K, committed 640K, reserved 1048576K
}
Event: 9.609 GC heap before
{Heap before GC invocations=6 (full 1):
 PSYoungGen      total 66048K, used 63488K [0x00000000eab00000, 0x00000000eee00000, 0x0000000100000000)
  eden space 63488K, 100% used [0x00000000eab00000,0x00000000ee900000,0x00000000ee900000)
  from space 2560K, 0% used [0x00000000eeb80000,0x00000000eeb80000,0x00000000eee00000)
  to   space 2560K, 0% used [0x00000000ee900000,0x00000000ee900000,0x00000000eeb80000)
 ParOldGen       total 53760K, used 11719K [0x00000000c0000000, 0x00000000c3480000, 0x00000000eab00000)
  object space 53760K, 21% used [0x00000000c0000000,0x00000000c0b71ca0,0x00000000c3480000)
 Metaspace       used 5627K, capacity 6896K, committed 7040K, reserved 1056768K
  class space    used 550K, capacity 616K, committed 640K, reserved 1048576K

Deoptimization events (10 events):
Event: 4.396 Thread 0x00007f31ec192800 Uncommon trap: reason=bimorphic action=maybe_recompile pc=0x00007f31dd46203c method=com.android.dx.rop.code.InsnList.contentEquals(Lcom/android/dx/rop/code/InsnList;)Z @ 38
Event: 5.238 Thread 0x00007f31ec19c800 Uncommon trap: reason=class_check action=maybe_recompile pc=0x00007f31dd451360 method=com.android.dx.ssa.NormalSsaInsn.accept(Lcom/android/dx/ssa/SsaInsn$Visitor;)V @ 9
Event: 5.240 Thread 0x00007f31ec19c800 Uncommon trap: reason=class_check action=maybe_recompile pc=0x00007f31dd451360 method=com.android.dx.ssa.NormalSsaInsn.accept(Lcom/android/dx/ssa/SsaInsn$Visitor;)V @ 9
Event: 5.241 Thread 0x00007f31ec19c800 Uncommon trap: reason=class_check action=maybe_recompile pc=0x00007f31dd451360 method=com.android.dx.ssa.NormalSsaInsn.accept(Lcom/android/dx/ssa/SsaInsn$Visitor;)V @ 9
Event: 5.241 Thread 0x00007f31ec19c800 Uncommon trap: reason=class_check action=maybe_recompile pc=0x00007f31dd451360 method=com.android.dx.ssa.NormalSsaInsn.accept(Lcom/android/dx/ssa/SsaInsn$Visitor;)V @ 9
Event: 5.247 Thread 0x00007f31ec19c800 Uncommon trap: reason=unstable_if action=reinterpret pc=0x00007f31dd387920 method=com.android.dx.cf.code.ByteCatchList.listFor(I)Lcom/android/dx/cf/code/ByteCatchList; @ 19
Event: 5.270 Thread 0x00007f31ec19c800 Uncommon trap: reason=unstable_if action=reinterpret pc=0x00007f31dd391b24 method=com.android.dx.util.IntList.binarysearch(I)I @ 26
Event: 5.275 Thread 0x00007f31ec19c800 Uncommon trap: reason=unstable_if action=reinterpret pc=0x00007f31dd2b5ee0 method=com.android.dx.cf.code.Ropper.labelToResultIndex(I)I @ 34
Event: 5.276 Thread 0x00007f31ec19c800 Uncommon trap: reason=unstable_if action=reinterpret pc=0x00007f31dd414964 method=com.android.dx.ssa.LocalVariableExtractor.processBlock(I)V @ 77
Event: 5.279 Thread 0x00007f31ec19c800 Uncommon trap: reason=unstable_if action=reinterpret pc=0x00007f31dd462000 method=com.android.dx.rop.code.InsnList.contentEquals(Lcom/android/dx/rop/code/InsnList;)Z @ 25

Internal exceptions (2 events):
Event: 0.111 Thread 0x00007f31ec00a000 Exception <a 'java/lang/NoSuchMethodError': Method sun.misc.Unsafe.defineClass(Ljava/lang/String;[BII)Ljava/lang/Class; name or signature does not match> (0x00000000eab07cc0) thrown at [/build/openjdk-8-W1Ghxo/openjdk-8-8u91-b14/src/hotspot/src/share/vm/p
Event: 0.111 Thread 0x00007f31ec00a000 Exception <a 'java/lang/NoSuchMethodError': Method sun.misc.Unsafe.prefetchRead(Ljava/lang/Object;J)V name or signature does not match> (0x00000000eab07fa8) thrown at [/build/openjdk-8-W1Ghxo/openjdk-8-8u91-b14/src/hotspot/src/share/vm/prims/jni.cpp, line

Events (10 events):
Event: 9.574 Thread 0x00007f31ec19c800 DEOPT UNPACKING pc=0x00007f31dd047373 sp=0x00007f31d550fc98 mode 0
Event: 9.575 Thread 0x00007f31ec19c800 DEOPT PACKING pc=0x00007f31dd45c142 sp=0x00007f31d550ff10
Event: 9.575 Thread 0x00007f31ec19c800 DEOPT UNPACKING pc=0x00007f31dd047373 sp=0x00007f31d550fc98 mode 0
Event: 9.576 Thread 0x00007f31ec19c800 DEOPT PACKING pc=0x00007f31dd45c142 sp=0x00007f31d550ff10
Event: 9.576 Thread 0x00007f31ec19c800 DEOPT UNPACKING pc=0x00007f31dd047373 sp=0x00007f31d550fc98 mode 0
Event: 9.577 Thread 0x00007f31ec19c800 DEOPT PACKING pc=0x00007f31dd45c142 sp=0x00007f31d550ff10
Event: 9.577 Thread 0x00007f31ec19c800 DEOPT UNPACKING pc=0x00007f31dd047373 sp=0x00007f31d550fc98 mode 0
Event: 9.577 Thread 0x00007f31ec19c800 DEOPT PACKING pc=0x00007f31dd45c142 sp=0x00007f31d550ff10
Event: 9.578 Thread 0x00007f31ec19c800 DEOPT UNPACKING pc=0x00007f31dd047373 sp=0x00007f31d550fc98 mode 0
Event: 9.600 Executing VM operation: ParallelGCFailedAllocation


Dynamic libraries:
00400000-00401000 r-xp 00000000 08:02 6039472                            /usr/lib/jvm/java-8-openjdk-amd64/jre/bin/java
00600000-00601000 r--p 00000000 08:02 6039472                            /usr/lib/jvm/java-8-openjdk-amd64/jre/bin/java
00601000-00602000 rw-p 00001000 08:02 6039472                            /usr/lib/jvm/java-8-openjdk-amd64/jre/bin/java
00cec000-00d0d000 rw-p 00000000 00:00 0                                  [heap]
c0000000-c3480000 rw-p 00000000 00:00 0 
c3480000-eab00000 ---p 00000000 00:00 0 
eab00000-eee00000 rw-p 00000000 00:00 0 
f3e00000-100000000 ---p 00000000 00:00 0 
100000000-1000a0000 rw-p 00000000 00:00 0 
1000a0000-140000000 ---p 00000000 00:00 0 
7f3190000000-7f3190022000 rw-p 00000000 00:00 0 
7f3190022000-7f3194000000 ---p 00000000 00:00 0 
7f3194000000-7f319402a000 rw-p 00000000 00:00 0 
7f319402a000-7f3198000000 ---p 00000000 00:00 0 
7f3198000000-7f3198021000 rw-p 00000000 00:00 0 
7f3198021000-7f319c000000 ---p 00000000 00:00 0 
7f319c000000-7f319c029000 rw-p 00000000 00:00 0 
7f319c029000-7f31a0000000 ---p 00000000 00:00 0 
7f31a0000000-7f31a0021000 rw-p 00000000 00:00 0 
7f31a0021000-7f31a4000000 ---p 00000000 00:00 0 
7f31a4000000-7f31a4034000 rw-p 00000000 00:00 0 
7f31a4034000-7f31a8000000 ---p 00000000 00:00 0 
7f31a8000000-7f31a87e6000 rw-p 00000000 00:00 0 
7f31a87e6000-7f31ac000000 ---p 00000000 00:00 0 
7f31ac000000-7f31ac021000 rw-p 00000000 00:00 0 
7f31ac021000-7f31b0000000 ---p 00000000 00:00 0 
7f31b0000000-7f31b09d9000 rw-p 00000000 00:00 0 
7f31b09d9000-7f31b4000000 ---p 00000000 00:00 0 
7f31b4000000-7f31b4b5b000 rw-p 00000000 00:00 0 
7f31b4b5b000-7f31b8000000 ---p 00000000 00:00 0 
7f31b8000000-7f31b8021000 rw-p 00000000 00:00 0 
7f31b8021000-7f31bc000000 ---p 00000000 00:00 0 
7f31bc000000-7f31bc021000 rw-p 00000000 00:00 0 
7f31bc021000-7f31c0000000 ---p 00000000 00:00 0 
7f31c0000000-7f31c0021000 rw-p 00000000 00:00 0 
7f31c0021000-7f31c4000000 ---p 00000000 00:00 0 
7f31c4000000-7f31c4021000 rw-p 00000000 00:00 0 
7f31c4021000-7f31c8000000 ---p 00000000 00:00 0 
7f31c8000000-7f31c8021000 rw-p 00000000 00:00 0 
7f31c8021000-7f31cc000000 ---p 00000000 00:00 0 
7f31cc000000-7f31cc021000 rw-p 00000000 00:00 0 
7f31cc021000-7f31d0000000 ---p 00000000 00:00 0 
7f31d0000000-7f31d0021000 rw-p 00000000 00:00 0 
7f31d0021000-7f31d4000000 ---p 00000000 00:00 0 
7f31d5411000-7f31d5414000 ---p 00000000 00:00 0 
7f31d5414000-7f31d5512000 rw-p 00000000 00:00 0 
7f31d5512000-7f31d5515000 ---p 00000000 00:00 0 
7f31d5515000-7f31d5613000 rw-p 00000000 00:00 0 
7f31d5613000-7f31d5616000 ---p 00000000 00:00 0 
7f31d5616000-7f31d5714000 rw-p 00000000 00:00 0 
7f31d5714000-7f31d5717000 ---p 00000000 00:00 0 
7f31d5717000-7f31d5815000 rw-p 00000000 00:00 0 
7f31d5815000-7f31d5818000 ---p 00000000 00:00 0 
7f31d5818000-7f31d5916000 rw-p 00000000 00:00 0 
7f31d5916000-7f31d5924000 r--s 000e0000 08:02 16778302                   /home/justin/Android/Sdk/build-tools/24.0.2/lib/dx.jar
7f31d5924000-7f31d5925000 ---p 00000000 00:00 0 
7f31d5925000-7f31d5a25000 rw-p 00000000 00:00 0 
7f31d5a25000-7f31d5a28000 ---p 00000000 00:00 0 
7f31d5a28000-7f31d5b26000 rw-p 00000000 00:00 0 
7f31d5b26000-7f31d5b29000 ---p 00000000 00:00 0 
7f31d5b29000-7f31d5c27000 rw-p 00000000 00:00 0 
7f31d5c27000-7f31d5c2a000 ---p 00000000 00:00 0 
7f31d5c2a000-7f31d5d28000 rw-p 00000000 00:00 0 
7f31d5d28000-7f31d6000000 r--p 00000000 08:02 4853041                    /usr/lib/locale/locale-archive
7f31d6000000-7f31d8000000 rw-p 00000000 00:00 0 
7f31d8000000-7f31d8021000 rw-p 00000000 00:00 0 
7f31d8021000-7f31dc000000 ---p 00000000 00:00 0 
7f31dc005000-7f31dc006000 r--s 00008000 08:02 6039551                    /usr/lib/jvm/java-8-openjdk-amd64/jre/lib/ext/sunec.jar
7f31dc006000-7f31dc010000 r--s 00116000 08:02 6039556                    /usr/lib/jvm/java-8-openjdk-amd64/jre/lib/ext/localedata.jar
7f31dc010000-7f31dc015000 r--s 0003b000 08:02 6039554                    /usr/lib/jvm/java-8-openjdk-amd64/jre/lib/ext/sunjce_provider.jar
7f31dc015000-7f31dc030000 r--s 001d7000 08:02 6039548                    /usr/lib/jvm/java-8-openjdk-amd64/jre/lib/ext/nashorn.jar
7f31dc030000-7f31dc04c000 r--s 00393000 08:02 6039550                    /usr/lib/jvm/java-8-openjdk-amd64/jre/lib/ext/cldrdata.jar
7f31dc04c000-7f31dc04f000 ---p 00000000 00:00 0 
7f31dc04f000-7f31dc14d000 rw-p 00000000 00:00 0 
7f31dc14d000-7f31dc150000 ---p 00000000 00:00 0 
7f31dc150000-7f31dc24e000 rw-p 00000000 00:00 0 
7f31dc24e000-7f31dc251000 ---p 00000000 00:00 0 
7f31dc251000-7f31dc34f000 rw-p 00000000 00:00 0 
7f31dc34f000-7f31dc352000 ---p 00000000 00:00 0 
7f31dc352000-7f31dc450000 rw-p 00000000 00:00 0 
7f31dc450000-7f31dc451000 ---p 00000000 00:00 0 
7f31dc451000-7f31dd000000 rw-p 00000000 00:00 0 
7f31dd000000-7f31dd540000 rwxp 00000000 00:00 0 
7f31dd540000-7f31ec000000 ---p 00000000 00:00 0 
7f31ec000000-7f31ec1cb000 rw-p 00000000 00:00 0 
7f31ec1cb000-7f31f0000000 ---p 00000000 00:00 0 
7f31f0000000-7f31f0002000 r--s 00001000 08:02 6039549                    /usr/lib/jvm/java-8-openjdk-amd64/jre/lib/ext/dnsns.jar
7f31f0002000-7f31f0507000 rw-p 00000000 00:00 0 
7f31f0507000-7f31f06d5000 r--s 03beb000 08:02 6039536                    /usr/lib/jvm/java-8-openjdk-amd64/jre/lib/rt.jar
7f31f06d5000-7f31f0d8b000 rw-p 00000000 00:00 0 
7f31f0d8b000-7f31f0f4b000 ---p 00000000 00:00 0 
7f31f0f4b000-7f31f114b000 rw-p 00000000 00:00 0 
7f31f114b000-7f31f114c000 ---p 00000000 00:00 0 
7f31f114c000-7f31f124c000 rw-p 00000000 00:00 0 
7f31f124c000-7f31f124d000 ---p 00000000 00:00 0 
7f31f124d000-7f31f134d000 rw-p 00000000 00:00 0 
7f31f134d000-7f31f134e000 ---p 00000000 00:00 0 
7f31f134e000-7f31f144e000 rw-p 00000000 00:00 0 
7f31f144e000-7f31f144f000 ---p 00000000 00:00 0 
7f31f144f000-7f31f156a000 rw-p 00000000 00:00 0 
7f31f156a000-7f31f16a5000 ---p 00000000 00:00 0 
7f31f16a5000-7f31f16c0000 rw-p 00000000 00:00 0 
7f31f16c0000-7f31f17fa000 ---p 00000000 00:00 0 
7f31f17fa000-7f31f181c000 rw-p 00000000 00:00 0 
7f31f181c000-7f31f18a5000 ---p 00000000 00:00 0 
7f31f18a5000-7f31f18bb000 rw-p 00000000 00:00 0 
7f31f18bb000-7f31f1c66000 ---p 00000000 00:00 0 
7f31f1c66000-7f31f1c6e000 r-xp 00000000 08:02 6039504                    /usr/lib/jvm/java-8-openjdk-amd64/jre/lib/amd64/libzip.so
7f31f1c6e000-7f31f1e6d000 ---p 00008000 08:02 6039504                    /usr/lib/jvm/java-8-openjdk-amd64/jre/lib/amd64/libzip.so
7f31f1e6d000-7f31f1e6e000 r--p 00007000 08:02 6039504                    /usr/lib/jvm/java-8-openjdk-amd64/jre/lib/amd64/libzip.so
7f31f1e6e000-7f31f1e6f000 rw-p 00008000 08:02 6039504                    /usr/lib/jvm/java-8-openjdk-amd64/jre/lib/amd64/libzip.so
7f31f1e6f000-7f31f1e7a000 r-xp 00000000 08:02 2888137                    /lib/x86_64-linux-gnu/libnss_files-2.23.so
7f31f1e7a000-7f31f2079000 ---p 0000b000 08:02 2888137                    /lib/x86_64-linux-gnu/libnss_files-2.23.so
7f31f2079000-7f31f207a000 r--p 0000a000 08:02 2888137                    /lib/x86_64-linux-gnu/libnss_files-2.23.so
7f31f207a000-7f31f207b000 rw-p 0000b000 08:02 2888137                    /lib/x86_64-linux-gnu/libnss_files-2.23.so
7f31f207b000-7f31f2081000 rw-p 00000000 00:00 0 
7f31f2081000-7f31f208c000 r-xp 00000000 08:02 2888147                    /lib/x86_64-linux-gnu/libnss_nis-2.23.so
7f31f208c000-7f31f228b000 ---p 0000b000 08:02 2888147                    /lib/x86_64-linux-gnu/libnss_nis-2.23.so
7f31f228b000-7f31f228c000 r--p 0000a000 08:02 2888147                    /lib/x86_64-linux-gnu/libnss_nis-2.23.so
7f31f228c000-7f31f228d000 rw-p 0000b000 08:02 2888147                    /lib/x86_64-linux-gnu/libnss_nis-2.23.so
7f31f228d000-7f31f22a3000 r-xp 00000000 08:02 2888131                    /lib/x86_64-linux-gnu/libnsl-2.23.so
7f31f22a3000-7f31f24a2000 ---p 00016000 08:02 2888131                    /lib/x86_64-linux-gnu/libnsl-2.23.so
7f31f24a2000-7f31f24a3000 r--p 00015000 08:02 2888131                    /lib/x86_64-linux-gnu/libnsl-2.23.so
7f31f24a3000-7f31f24a4000 rw-p 00016000 08:02 2888131                    /lib/x86_64-linux-gnu/libnsl-2.23.so
7f31f24a4000-7f31f24a6000 rw-p 00000000 00:00 0 
7f31f24a6000-7f31f24ae000 r-xp 00000000 08:02 2888133                    /lib/x86_64-linux-gnu/libnss_compat-2.23.so
7f31f24ae000-7f31f26ad000 ---p 00008000 08:02 2888133                    /lib/x86_64-linux-gnu/libnss_compat-2.23.so
7f31f26ad000-7f31f26ae000 r--p 00007000 08:02 2888133                    /lib/x86_64-linux-gnu/libnss_compat-2.23.so
7f31f26ae000-7f31f26af000 rw-p 00008000 08:02 2888133                    /lib/x86_64-linux-gnu/libnss_compat-2.23.so
7f31f26af000-7f31f26dc000 r-xp 00000000 08:02 6039489                    /usr/lib/jvm/java-8-openjdk-amd64/jre/lib/amd64/libjava.so
7f31f26dc000-7f31f28db000 ---p 0002d000 08:02 6039489                    /usr/lib/jvm/java-8-openjdk-amd64/jre/lib/amd64/libjava.so
7f31f28db000-7f31f28dc000 r--p 0002c000 08:02 6039489                    /usr/lib/jvm/java-8-openjdk-amd64/jre/lib/amd64/libjava.so
7f31f28dc000-7f31f28de000 rw-p 0002d000 08:02 6039489                    /usr/lib/jvm/java-8-openjdk-amd64/jre/lib/amd64/libjava.so
7f31f28de000-7f31f28ed000 r-xp 00000000 08:02 6039490                    /usr/lib/jvm/java-8-openjdk-amd64/jre/lib/amd64/libverify.so
7f31f28ed000-7f31f2aec000 ---p 0000f000 08:02 6039490                    /usr/lib/jvm/java-8-openjdk-amd64/jre/lib/amd64/libverify.so
7f31f2aec000-7f31f2aee000 r--p 0000e000 08:02 6039490                    /usr/lib/jvm/java-8-openjdk-amd64/jre/lib/amd64/libverify.so
7f31f2aee000-7f31f2aef000 rw-p 00010000 08:02 6039490                    /usr/lib/jvm/java-8-openjdk-amd64/jre/lib/amd64/libverify.so
7f31f2aef000-7f31f2af6000 r-xp 00000000 08:02 2888192                    /lib/x86_64-linux-gnu/librt-2.23.so
7f31f2af6000-7f31f2cf5000 ---p 00007000 08:02 2888192                    /lib/x86_64-linux-gnu/librt-2.23.so
7f31f2cf5000-7f31f2cf6000 r--p 00006000 08:02 2888192                    /lib/x86_64-linux-gnu/librt-2.23.so
7f31f2cf6000-7f31f2cf7000 rw-p 00007000 08:02 2888192                    /lib/x86_64-linux-gnu/librt-2.23.so
7f31f2cf7000-7f31f2d0d000 r-xp 00000000 08:02 2888076                    /lib/x86_64-linux-gnu/libgcc_s.so.1
7f31f2d0d000-7f31f2f0c000 ---p 00016000 08:02 2888076                    /lib/x86_64-linux-gnu/libgcc_s.so.1
7f31f2f0c000-7f31f2f0d000 rw-p 00015000 08:02 2888076                    /lib/x86_64-linux-gnu/libgcc_s.so.1
7f31f2f0d000-7f31f3015000 r-xp 00000000 08:02 2888108                    /lib/x86_64-linux-gnu/libm-2.23.so
7f31f3015000-7f31f3214000 ---p 00108000 08:02 2888108                    /lib/x86_64-linux-gnu/libm-2.23.so
7f31f3214000-7f31f3215000 r--p 00107000 08:02 2888108                    /lib/x86_64-linux-gnu/libm-2.23.so
7f31f3215000-7f31f3216000 rw-p 00108000 08:02 2888108                    /lib/x86_64-linux-gnu/libm-2.23.so
7f31f3216000-7f31f3388000 r-xp 00000000 08:02 4851710                    /usr/lib/x86_64-linux-gnu/libstdc++.so.6.0.21
7f31f3388000-7f31f3588000 ---p 00172000 08:02 4851710                    /usr/lib/x86_64-linux-gnu/libstdc++.so.6.0.21
7f31f3588000-7f31f3592000 r--p 00172000 08:02 4851710                    /usr/lib/x86_64-linux-gnu/libstdc++.so.6.0.21
7f31f3592000-7f31f3594000 rw-p 0017c000 08:02 4851710                    /usr/lib/x86_64-linux-gnu/libstdc++.so.6.0.21
7f31f3594000-7f31f3598000 rw-p 00000000 00:00 0 
7f31f3598000-7f31f41de000 r-xp 00000000 08:02 6039502                    /usr/lib/jvm/java-8-openjdk-amd64/jre/lib/amd64/server/libjvm.so
7f31f41de000-7f31f43de000 ---p 00c46000 08:02 6039502                    /usr/lib/jvm/java-8-openjdk-amd64/jre/lib/amd64/server/libjvm.so
7f31f43de000-7f31f4471000 r--p 00c46000 08:02 6039502                    /usr/lib/jvm/java-8-openjdk-amd64/jre/lib/amd64/server/libjvm.so
7f31f4471000-7f31f4499000 rw-p 00cd9000 08:02 6039502                    /usr/lib/jvm/java-8-openjdk-amd64/jre/lib/amd64/server/libjvm.so
7f31f4499000-7f31f44c9000 rw-p 00000000 00:00 0 
7f31f44c9000-7f31f44e1000 r-xp 00000000 08:02 2888184                    /lib/x86_64-linux-gnu/libpthread-2.23.so
7f31f44e1000-7f31f46e0000 ---p 00018000 08:02 2888184                    /lib/x86_64-linux-gnu/libpthread-2.23.so
7f31f46e0000-7f31f46e1000 r--p 00017000 08:02 2888184                    /lib/x86_64-linux-gnu/libpthread-2.23.so
7f31f46e1000-7f31f46e2000 rw-p 00018000 08:02 2888184                    /lib/x86_64-linux-gnu/libpthread-2.23.so
7f31f46e2000-7f31f46e6000 rw-p 00000000 00:00 0 
7f31f46e6000-7f31f46e9000 r-xp 00000000 08:02 2888062                    /lib/x86_64-linux-gnu/libdl-2.23.so
7f31f46e9000-7f31f48e8000 ---p 00003000 08:02 2888062                    /lib/x86_64-linux-gnu/libdl-2.23.so
7f31f48e8000-7f31f48e9000 r--p 00002000 08:02 2888062                    /lib/x86_64-linux-gnu/libdl-2.23.so
7f31f48e9000-7f31f48ea000 rw-p 00003000 08:02 2888062                    /lib/x86_64-linux-gnu/libdl-2.23.so
7f31f48ea000-7f31f4903000 r-xp 00000000 08:02 2888229                    /lib/x86_64-linux-gnu/libz.so.1.2.8
7f31f4903000-7f31f4b02000 ---p 00019000 08:02 2888229                    /lib/x86_64-linux-gnu/libz.so.1.2.8
7f31f4b02000-7f31f4b03000 r--p 00018000 08:02 2888229                    /lib/x86_64-linux-gnu/libz.so.1.2.8
7f31f4b03000-7f31f4b04000 rw-p 00019000 08:02 2888229                    /lib/x86_64-linux-gnu/libz.so.1.2.8
7f31f4b04000-7f31f4cc4000 r-xp 00000000 08:02 2888038                    /lib/x86_64-linux-gnu/libc-2.23.so
7f31f4cc4000-7f31f4ec3000 ---p 001c0000 08:02 2888038                    /lib/x86_64-linux-gnu/libc-2.23.so
7f31f4ec3000-7f31f4ec7000 r--p 001bf000 08:02 2888038                    /lib/x86_64-linux-gnu/libc-2.23.so
7f31f4ec7000-7f31f4ec9000 rw-p 001c3000 08:02 2888038                    /lib/x86_64-linux-gnu/libc-2.23.so
7f31f4ec9000-7f31f4ecd000 rw-p 00000000 00:00 0 
7f31f4ecd000-7f31f4eda000 r-xp 00000000 08:02 6039518                    /usr/lib/jvm/java-8-openjdk-amd64/jre/lib/amd64/jli/libjli.so
7f31f4eda000-7f31f50da000 ---p 0000d000 08:02 6039518                    /usr/lib/jvm/java-8-openjdk-amd64/jre/lib/amd64/jli/libjli.so
7f31f50da000-7f31f50db000 r--p 0000d000 08:02 6039518                    /usr/lib/jvm/java-8-openjdk-amd64/jre/lib/amd64/jli/libjli.so
7f31f50db000-7f31f50dc000 rw-p 0000e000 08:02 6039518                    /usr/lib/jvm/java-8-openjdk-amd64/jre/lib/amd64/jli/libjli.so
7f31f50dc000-7f31f5102000 r-xp 00000000 08:02 2888010                    /lib/x86_64-linux-gnu/ld-2.23.so
7f31f5102000-7f31f5103000 r--s 0000a000 08:02 6039552                    /usr/lib/jvm/java-8-openjdk-amd64/jre/lib/ext/jaccess.jar
7f31f5103000-7f31f5106000 r--s 0000f000 08:02 6039555                    /usr/lib/jvm/java-8-openjdk-amd64/jre/lib/ext/icedtea-sound.jar
7f31f5106000-7f31f510a000 r--s 00037000 08:02 6039557                    /usr/lib/jvm/java-8-openjdk-amd64/jre/lib/ext/sunpkcs11.jar
7f31f510a000-7f31f51da000 rw-p 00000000 00:00 0 
7f31f51da000-7f31f51dd000 ---p 00000000 00:00 0 
7f31f51dd000-7f31f52e0000 rw-p 00000000 00:00 0 
7f31f52e0000-7f31f52e1000 r--s 00010000 08:02 6039553                    /usr/lib/jvm/java-8-openjdk-amd64/jre/lib/ext/zipfs.jar
7f31f52e1000-7f31f52f5000 rw-p 00000000 00:00 0 
7f31f52f5000-7f31f52fd000 rw-s 00000000 08:02 20710716                   /tmp/hsperfdata_justin/14759
7f31f52fd000-7f31f52fe000 rw-p 00000000 00:00 0 
7f31f52fe000-7f31f52ff000 ---p 00000000 00:00 0 
7f31f52ff000-7f31f5301000 rw-p 00000000 00:00 0 
7f31f5301000-7f31f5302000 r--p 00025000 08:02 2888010                    /lib/x86_64-linux-gnu/ld-2.23.so
7f31f5302000-7f31f5303000 rw-p 00026000 08:02 2888010                    /lib/x86_64-linux-gnu/ld-2.23.so
7f31f5303000-7f31f5304000 rw-p 00000000 00:00 0 
7ffc5c8f0000-7ffc5c911000 rw-p 00000000 00:00 0                          [stack]
7ffc5c9a8000-7ffc5c9aa000 r--p 00000000 00:00 0                          [vvar]
7ffc5c9aa000-7ffc5c9ac000 r-xp 00000000 00:00 0                          [vdso]
ffffffffff600000-ffffffffff601000 r-xp 00000000 00:00 0                  [vsyscall]

VM Arguments:
jvm_args: -Djava.awt.headless=true -Xmx1024M -Dfile.encoding=UTF-8 -Duser.country=CA -Duser.language=en -Duser.variant 
java_command: com.android.dx.command.Main --dex --force-jumbo --num-threads=4 --output /home/justin/Documents/CMPUT301/Assignment1/Jwidney--HabitTracker/app/build/intermediates/pre-dexed/debug/main_25a18b0ac65f9bb33a734983abb30d964c3788aa.jar /home/justin/Documents/CMPUT301/Assignment1/Jwidney--HabitTracker/app/build/intermediates/transforms/instantRun/debug/folders/1/5/main
java_class_path (initial): /home/justin/Android/Sdk/build-tools/24.0.2/lib/dx.jar
Launcher Type: SUN_STANDARD

Environment Variables:
PATH=/home/justin/bin:/home/justin/.local/bin:/usr/local/sbin:/usr/local/bin:/usr/sbin:/usr/bin:/sbin:/bin:/usr/games:/usr/local/games:/snap/bin
LD_LIBRARY_PATH=/home/justin/Documents/android-studio/bin:
SHELL=/bin/bash
DISPLAY=:0

Signal Handlers:
SIGSEGV: [libjvm.so+0xa5e970], sa_mask[0]=11111111011111111101111111111110, sa_flags=SA_RESTART|SA_SIGINFO
SIGBUS: [libjvm.so+0xa5e970], sa_mask[0]=11111111011111111101111111111110, sa_flags=SA_RESTART|SA_SIGINFO
SIGFPE: [libjvm.so+0x8a9ff0], sa_mask[0]=11111111011111111101111111111110, sa_flags=SA_RESTART|SA_SIGINFO
SIGPIPE: [libjvm.so+0x8a9ff0], sa_mask[0]=11111111011111111101111111111110, sa_flags=SA_RESTART|SA_SIGINFO
SIGXFSZ: [libjvm.so+0x8a9ff0], sa_mask[0]=11111111011111111101111111111110, sa_flags=SA_RESTART|SA_SIGINFO
SIGILL: [libjvm.so+0x8a9ff0], sa_mask[0]=11111111011111111101111111111110, sa_flags=SA_RESTART|SA_SIGINFO
SIGUSR1: SIG_DFL, sa_mask[0]=00000000000000000000000000000000, sa_flags=none
SIGUSR2: [libjvm.so+0x8a9ea0], sa_mask[0]=00100000000000000000000000000000, sa_flags=SA_RESTART|SA_SIGINFO
SIGHUP: [libjvm.so+0x8aa370], sa_mask[0]=11111111011111111101111111111110, sa_flags=SA_RESTART|SA_SIGINFO
SIGINT: [libjvm.so+0x8aa370], sa_mask[0]=11111111011111111101111111111110, sa_flags=SA_RESTART|SA_SIGINFO
SIGTERM: [libjvm.so+0x8aa370], sa_mask[0]=11111111011111111101111111111110, sa_flags=SA_RESTART|SA_SIGINFO
SIGQUIT: [libjvm.so+0x8aa370], sa_mask[0]=11111111011111111101111111111110, sa_flags=SA_RESTART|SA_SIGINFO


---------------  S Y S T E M  ---------------

OS:DISTRIB_ID=Ubuntu
DISTRIB_RELEASE=16.04
DISTRIB_CODENAME=xenial
DISTRIB_DESCRIPTION="Ubuntu 16.04.1 LTS"

uname:Linux 4.4.0-38-generic #57-Ubuntu SMP Tue Sep 6 15:42:33 UTC 2016 x86_64
libc:glibc 2.23 NPTL 2.23 
rlimit: STACK 8192k, CORE 0k, NPROC 15055, NOFILE 65536, AS infinity
load average:9.99 2.71 1.15

/proc/meminfo:
MemTotal:        3945780 kB
MemFree:           87200 kB
MemAvailable:          0 kB
Buffers:             340 kB
Cached:           411548 kB
SwapCached:           36 kB
Active:          2921188 kB
Inactive:         730872 kB
Active(anon):    2913732 kB
Inactive(anon):   723756 kB
Active(file):       7456 kB
Inactive(file):     7116 kB
Unevictable:          32 kB
Mlocked:              32 kB
SwapTotal:       4092924 kB
SwapFree:              0 kB
Dirty:                44 kB
Writeback:             0 kB
AnonPages:       3241404 kB
Mapped:            46900 kB
Shmem:            396508 kB
Slab:              86376 kB
SReclaimable:      44004 kB
SUnreclaim:        42372 kB
KernelStack:       10528 kB
PageTables:        44972 kB
NFS_Unstable:          0 kB
Bounce:                0 kB
WritebackTmp:          0 kB
CommitLimit:     6065812 kB
Committed_AS:   11295900 kB
VmallocTotal:   34359738367 kB
VmallocUsed:           0 kB
VmallocChunk:          0 kB
HardwareCorrupted:     0 kB
AnonHugePages:   1077248 kB
CmaTotal:              0 kB
CmaFree:               0 kB
HugePages_Total:       0
HugePages_Free:        0
HugePages_Rsvd:        0
HugePages_Surp:        0
Hugepagesize:       2048 kB
DirectMap4k:      276296 kB
DirectMap2M:     3817472 kB
DirectMap1G:     1048576 kB


CPU:total 4 (2 cores per cpu, 2 threads per core) family 6 model 61 stepping 4, cmov, cx8, fxsr, mmx, sse, sse2, sse3, ssse3, sse4.1, sse4.2, popcnt, avx, avx2, aes, clmul, erms, 3dnowpref, lzcnt, ht, tsc, tscinvbit, bmi1, bmi2, adx

/proc/cpuinfo:
processor	: 0
vendor_id	: GenuineIntel
cpu family	: 6
model		: 61
model name	: Intel(R) Core(TM) i3-5010U CPU @ 2.10GHz
stepping	: 4
microcode	: 0x22
cpu MHz		: 1999.921
cache size	: 3072 KB
physical id	: 0
siblings	: 4
core id		: 0
cpu cores	: 2
apicid		: 0
initial apicid	: 0
fpu		: yes
fpu_exception	: yes
cpuid level	: 20
wp		: yes
flags		: fpu vme de pse tsc msr pae mce cx8 apic sep mtrr pge mca cmov pat pse36 clflush dts acpi mmx fxsr sse sse2 ss ht tm pbe syscall nx pdpe1gb rdtscp lm constant_tsc arch_perfmon pebs bts rep_good nopl xtopology nonstop_tsc aperfmperf eagerfpu pni pclmulqdq dtes64 monitor ds_cpl vmx est tm2 ssse3 sdbg fma cx16 xtpr pdcm pcid sse4_1 sse4_2 x2apic movbe popcnt tsc_deadline_timer aes xsave avx f16c rdrand lahf_lm abm 3dnowprefetch epb intel_pt tpr_shadow vnmi flexpriority ept vpid fsgsbase tsc_adjust bmi1 avx2 smep bmi2 erms invpcid rdseed adx smap xsaveopt dtherm arat pln pts
bugs		:
bogomips	: 4193.77
clflush size	: 64
cache_alignment	: 64
address sizes	: 39 bits physical, 48 bits virtual
power management:

processor	: 1
vendor_id	: GenuineIntel
cpu family	: 6
model		: 61
model name	: Intel(R) Core(TM) i3-5010U CPU @ 2.10GHz
stepping	: 4
microcode	: 0x22
cpu MHz		: 1999.921
cache size	: 3072 KB
physical id	: 0
siblings	: 4
core id		: 1
cpu cores	: 2
apicid		: 2
initial apicid	: 2
fpu		: yes
fpu_exception	: yes
cpuid level	: 20
wp		: yes
flags		: fpu vme de pse tsc msr pae mce cx8 apic sep mtrr pge mca cmov pat pse36 clflush dts acpi mmx fxsr sse sse2 ss ht tm pbe syscall nx pdpe1gb rdtscp lm constant_tsc arch_perfmon pebs bts rep_good nopl xtopology nonstop_tsc aperfmperf eagerfpu pni pclmulqdq dtes64 monitor ds_cpl vmx est tm2 ssse3 sdbg fma cx16 xtpr pdcm pcid sse4_1 sse4_2 x2apic movbe popcnt tsc_deadline_timer aes xsave avx f16c rdrand lahf_lm abm 3dnowprefetch epb intel_pt tpr_shadow vnmi flexpriority ept vpid fsgsbase tsc_adjust bmi1 avx2 smep bmi2 erms invpcid rdseed adx smap xsaveopt dtherm arat pln pts
bugs		:
bogomips	: 4193.77
clflush size	: 64
cache_alignment	: 64
address sizes	: 39 bits physical, 48 bits virtual
power management:

processor	: 2
vendor_id	: GenuineIntel
cpu family	: 6
model		: 61
model name	: Intel(R) Core(TM) i3-5010U CPU @ 2.10GHz
stepping	: 4
microcode	: 0x22
cpu MHz		: 1999.921
cache size	: 3072 KB
physical id	: 0
siblings	: 4
core id		: 0
cpu cores	: 2
apicid		: 1
initial apicid	: 1
fpu		: yes
fpu_exception	: yes
cpuid level	: 20
wp		: yes
flags		: fpu vme de pse tsc msr pae mce cx8 apic sep mtrr pge mca cmov pat pse36 clflush dts acpi mmx fxsr sse sse2 ss ht tm pbe syscall nx pdpe1gb rdtscp lm constant_tsc arch_perfmon pebs bts rep_good nopl xtopology nonstop_tsc aperfmperf eagerfpu pni pclmulqdq dtes64 monitor ds_cpl vmx est tm2 ssse3 sdbg fma cx16 xtpr pdcm pcid sse4_1 sse4_2 x2apic movbe popcnt tsc_deadline_timer aes xsave avx f16c rdrand lahf_lm abm 3dnowprefetch epb intel_pt tpr_shadow vnmi flexpriority ept vpid fsgsbase tsc_adjust bmi1 avx2 smep bmi2 erms invpcid rdseed adx smap xsaveopt dtherm arat pln pts
bugs		:
bogomips	: 4193.77
clflush size	: 64
cache_alignment	: 64
address sizes	: 39 bits physical, 48 bits virtual
power management:

processor	: 3
vendor_id	: GenuineIntel
cpu family	: 6
model		: 61
model name	: Intel(R) Core(TM) i3-5010U CPU @ 2.10GHz
stepping	: 4
microcode	: 0x22
cpu MHz		: 1999.921
cache size	: 3072 KB
physical id	: 0
siblings	: 4
core id		: 1
cpu cores	: 2
apicid		: 3
initial apicid	: 3
fpu		: yes
fpu_exception	: yes
cpuid level	: 20
wp		: yes
flags		: fpu vme de pse tsc msr pae mce cx8 apic sep mtrr pge mca cmov pat pse36 clflush dts acpi mmx fxsr sse sse2 ss ht tm pbe syscall nx pdpe1gb rdtscp lm constant_tsc arch_perfmon pebs bts rep_good nopl xtopology nonstop_tsc aperfmperf eagerfpu pni pclmulqdq dtes64 monitor ds_cpl vmx est tm2 ssse3 sdbg fma cx16 xtpr pdcm pcid sse4_1 sse4_2 x2apic movbe popcnt tsc_deadline_timer aes xsave avx f16c rdrand lahf_lm abm 3dnowprefetch epb intel_pt tpr_shadow vnmi flexpriority ept vpid fsgsbase tsc_adjust bmi1 avx2 smep bmi2 erms invpcid rdseed adx smap xsaveopt dtherm arat pln pts
bugs		:
bogomips	: 4193.77
clflush size	: 64
cache_alignment	: 64
address sizes	: 39 bits physical, 48 bits virtual
power management:



Memory: 4k page, physical 3945780k(87044k free), swap 4092924k(0k free)

vm_info: OpenJDK 64-Bit Server VM (25.91-b14) for linux-amd64 JRE (1.8.0_91-8u91-b14-3ubuntu1~16.04.1-b14), built on Jul 21 2016 04:13:34 by "buildd" with gcc 5.3.1 20160413

time: Sun Oct  2 22:30:38 2016
elapsed time: 29 seconds (0d 0h 0m 29s)

